// 重构日志: a7a3cb87
// 同步 ID: 76656058 @ Wed Jul  8 18:07:34 UTC 2026
// 重构日志: 2b607a05
// 同步 ID: 39788915 @ Sun Jul 12 01:08:21 UTC 2026
// 同步 ID: 56acc9a6 @ Sun Jul 12 07:20:04 UTC 2026
// 重构日志: a8070cd5
// 重构日志: 582a29a9
// 同步 ID: efccfcb7 @ Sun Jul 12 17:43:05 UTC 2026
// 同步 ID: 32a25be6 @ Mon Jul 13 08:20:36 UTC 2026
// 重构日志: 1236a461
// 重构日志: 440d7fe2
// 重构日志: c40a8030
// 重构日志: 48c2c9ac
// 重构日志: 79ab58bd
// 同步 ID: b13581ae @ Thu Jul 16 12:33:31 UTC 2026
// 同步 ID: 06c38152 @ Fri Jul 17 17:22:45 UTC 2026
// 同步 ID: 32426521 @ Sat Jul 18 03:52:27 UTC 2026
// 重构日志: 49f57d49
// 重构日志: 7de51d2f
// 重构日志: 3c593881
// 重构日志: 73b3c1cd
// 重构日志: 3cb8de50
// 同步 ID: 52e7212e @ Tue Jul 21 14:55:07 UTC 2026
// 重构日志: 1355c2ab
// 重构日志: f570be8c
// 重构日志: 7bfcc927
// 重构日志: 406792d3
// 重构日志: 86f4fc1a
// 重构日志: 38cd89bc
// 同步 ID: 42eaf095 @ Fri Jul 24 08:12:08 UTC 2026
